<?xml version="1.0" encoding="UTF-8"?>
<testng-results total="4" passed="4" failed="0" skipped="0">
  <reporter-output>
  </reporter-output>
  <suite started-at="2021-12-21T15:23:06Z" name="Command line suite" finished-at="2021-12-21T15:23:06Z" duration-ms="379">
    <groups>
    </groups>
    <test started-at="2021-12-21T15:23:06Z" name="Command line test" finished-at="2021-12-21T15:23:06Z" duration-ms="379">
      <class name="com.skillsoft.mocks.TemperatureAnalizerTest">
        <test-method is-config="true" signature="beforeMethod()[pri:0, instance:com.skillsoft.mocks.TemperatureAnalizerTest@13c10b87]" started-at="2021-12-21T09:23:06Z" name="beforeMethod" finished-at="2021-12-21T09:23:06Z" duration-ms="347" status="PASS">
          <reporter-output>
          </reporter-output>
        </test-method> <!-- beforeMethod -->
        <test-method signature="testNormal(double, double, boolean)[pri:0, instance:com.skillsoft.mocks.TemperatureAnalizerTest@13c10b87]" started-at="2021-12-21T09:23:06Z" name="testNormal" data-provider="dp" finished-at="2021-12-21T09:23:06Z" duration-ms="22" status="PASS">
          <params>
            <param index="0">
              <value>
                <![CDATA[98.6]]>
              </value>
            </param>
            <param index="1">
              <value>
                <![CDATA[98.6]]>
              </value>
            </param>
            <param index="2">
              <value>
                <![CDATA[true]]>
              </value>
            </param>
          </params>
          <reporter-output>
          </reporter-output>
        </test-method> <!-- testNormal -->
        <test-method is-config="true" signature="afterMethod()[pri:0, instance:com.skillsoft.mocks.TemperatureAnalizerTest@13c10b87]" started-at="2021-12-21T09:23:06Z" name="afterMethod" finished-at="2021-12-21T09:23:06Z" duration-ms="0" status="PASS">
          <reporter-output>
          </reporter-output>
        </test-method> <!-- afterMethod -->
        <test-method is-config="true" signature="beforeMethod()[pri:0, instance:com.skillsoft.mocks.TemperatureAnalizerTest@13c10b87]" started-at="2021-12-21T09:23:06Z" name="beforeMethod" finished-at="2021-12-21T09:23:06Z" duration-ms="0" status="PASS">
          <reporter-output>
          </reporter-output>
        </test-method> <!-- beforeMethod -->
        <test-method signature="testNormal(double, double, boolean)[pri:0, instance:com.skillsoft.mocks.TemperatureAnalizerTest@13c10b87]" started-at="2021-12-21T09:23:06Z" name="testNormal" data-provider="dp" finished-at="2021-12-21T09:23:06Z" duration-ms="1" status="PASS">
          <params>
            <param index="0">
              <value>
                <![CDATA[99.5]]>
              </value>
            </param>
            <param index="1">
              <value>
                <![CDATA[99.5]]>
              </value>
            </param>
            <param index="2">
              <value>
                <![CDATA[true]]>
              </value>
            </param>
          </params>
          <reporter-output>
          </reporter-output>
        </test-method> <!-- testNormal -->
        <test-method signature="testNormal(double, double, boolean)[pri:0, instance:com.skillsoft.mocks.TemperatureAnalizerTest@13c10b87]" started-at="2021-12-21T09:23:06Z" name="testNormal" data-provider="dp" finished-at="2021-12-21T09:23:06Z" duration-ms="1" status="PASS">
          <params>
            <param index="0">
              <value>
                <![CDATA[99.6]]>
              </value>
            </param>
            <param index="1">
              <value>
                <![CDATA[99.6]]>
              </value>
            </param>
            <param index="2">
              <value>
                <![CDATA[false]]>
              </value>
            </param>
          </params>
          <reporter-output>
          </reporter-output>
        </test-method> <!-- testNormal -->
        <test-method is-config="true" signature="afterMethod()[pri:0, instance:com.skillsoft.mocks.TemperatureAnalizerTest@13c10b87]" started-at="2021-12-21T09:23:06Z" name="afterMethod" finished-at="2021-12-21T09:23:06Z" duration-ms="0" status="PASS">
          <reporter-output>
          </reporter-output>
        </test-method> <!-- afterMethod -->
        <test-method is-config="true" signature="beforeMethod()[pri:0, instance:com.skillsoft.mocks.TemperatureAnalizerTest@13c10b87]" started-at="2021-12-21T09:23:06Z" name="beforeMethod" finished-at="2021-12-21T09:23:06Z" duration-ms="0" status="PASS">
          <reporter-output>
          </reporter-output>
        </test-method> <!-- beforeMethod -->
        <test-method is-config="true" signature="afterMethod()[pri:0, instance:com.skillsoft.mocks.TemperatureAnalizerTest@13c10b87]" started-at="2021-12-21T09:23:06Z" name="afterMethod" finished-at="2021-12-21T09:23:06Z" duration-ms="0" status="PASS">
          <reporter-output>
          </reporter-output>
        </test-method> <!-- afterMethod -->
        <test-method is-config="true" signature="beforeMethod()[pri:0, instance:com.skillsoft.mocks.TemperatureAnalizerTest@13c10b87]" started-at="2021-12-21T09:23:06Z" name="beforeMethod" finished-at="2021-12-21T09:23:06Z" duration-ms="0" status="PASS">
          <reporter-output>
          </reporter-output>
        </test-method> <!-- beforeMethod -->
        <test-method signature="testNormal(double, double, boolean)[pri:0, instance:com.skillsoft.mocks.TemperatureAnalizerTest@13c10b87]" started-at="2021-12-21T09:23:06Z" name="testNormal" data-provider="dp" finished-at="2021-12-21T09:23:06Z" duration-ms="1" status="PASS">
          <params>
            <param index="0">
              <value>
                <![CDATA[99.4]]>
              </value>
            </param>
            <param index="1">
              <value>
                <![CDATA[99.4]]>
              </value>
            </param>
            <param index="2">
              <value>
                <![CDATA[true]]>
              </value>
            </param>
          </params>
          <reporter-output>
          </reporter-output>
        </test-method> <!-- testNormal -->
        <test-method is-config="true" signature="afterMethod()[pri:0, instance:com.skillsoft.mocks.TemperatureAnalizerTest@13c10b87]" started-at="2021-12-21T09:23:06Z" name="afterMethod" finished-at="2021-12-21T09:23:06Z" duration-ms="0" status="PASS">
          <reporter-output>
          </reporter-output>
        </test-method> <!-- afterMethod -->
      </class> <!-- com.skillsoft.mocks.TemperatureAnalizerTest -->
    </test> <!-- Command line test -->
  </suite> <!-- Command line suite -->
</testng-results>
