<?xml version="1.0" encoding="UTF-8"?>
<!-- Generated by org.testng.reporters.JUnitXMLReporter -->
<testsuite hostname="Steves-MBP.hsd1.mn.comcast.net" failures="0" tests="4" name="Command line test" time="0.379" errors="0" timestamp="21 Dec 2021 15:23:06 GMT">
  <testcase classname="com.skillsoft.mocks.TemperatureAnalizerTest" name="testNormal" time="0.022"/>
  <testcase classname="com.skillsoft.mocks.TemperatureAnalizerTest" name="testNormal" time="0.001"/>
  <testcase classname="com.skillsoft.mocks.TemperatureAnalizerTest" name="testNormal" time="0.001"/>
  <testcase classname="com.skillsoft.mocks.TemperatureAnalizerTest" name="testNormal" time="0.001"/>
</testsuite> <!-- Command line test -->
